{"level":"info","message":"Creating user with email: rdreyer523@gmail.com","timestamp":"2025-12-30T08:03:51.323Z"}
{"level":"info","message":"User created successfully: user_37YZBrtAEn6Rs2PAQQFJKGBU9ms","timestamp":"2025-12-30T08:03:52.484Z"}
{"level":"info","message":"Creating user with email: rdreyer523@gmail.com","timestamp":"2025-12-30T08:07:54.508Z"}
{"level":"info","message":"User created (unverified): user_37YZgQmkpktNE8ttox4fWsWCL7S","timestamp":"2025-12-30T08:07:55.815Z"}
{"level":"error","message":"Error creating email verification: clerkClient.emailAddresses.createEmailAddressVerification is not a function","stack":"TypeError: clerkClient.emailAddresses.createEmailAddressVerification is not a function\n    at Object.createUser (/Users/rubendreyer/Documents/Projects/Messenger/server/services/clerkAuthService.js:47:42)\n    at process.processTicksAndRejections (node:internal/process/task_queues:103:5)\n    at async /Users/rubendreyer/Documents/Projects/Messenger/server/routes/authentication.js:228:20","timestamp":"2025-12-30T08:07:55.816Z"}
{"level":"info","message":"Creating user with email: rdreyer523@gmail.com","timestamp":"2025-12-30T08:08:29.491Z"}
{"clerkError":true,"clerkTraceId":"e52cae433c03edc2be02d189e7d86ecc","code":"api_response_error","errors":[{"code":"form_identifier_exists","longMessage":"That email address is taken. Please try another.","message":"That email address is taken. Please try another.","meta":{"paramName":"email_address"}}],"level":"error","message":"Error creating user: Unprocessable Entity","stack":"ClerkAPIResponseError: Unprocessable Entity\n    at UserAPI.request (/Users/rubendreyer/Documents/Projects/Messenger/server/node_modules/@clerk/backend/dist/index.js:3599:21)\n    at process.processTicksAndRejections (node:internal/process/task_queues:103:5)\n    at async Object.createUser (/Users/rubendreyer/Documents/Projects/Messenger/server/services/clerkAuthService.js:29:18)\n    at async /Users/rubendreyer/Documents/Projects/Messenger/server/routes/authentication.js:228:20","status":422,"timestamp":"2025-12-30T08:08:30.316Z"}
{"level":"info","message":"Creating user with email: rdreyer523@gmail.com","timestamp":"2025-12-30T08:08:47.991Z"}
{"level":"info","message":"User created (unverified): user_37YZn2xUBhrzSYj012yJTt064pX","timestamp":"2025-12-30T08:08:48.909Z"}
{"level":"error","message":"Error creating email verification: clerkClient.emailAddresses.createEmailAddressVerification is not a function","stack":"TypeError: clerkClient.emailAddresses.createEmailAddressVerification is not a function\n    at Object.createUser (/Users/rubendreyer/Documents/Projects/Messenger/server/services/clerkAuthService.js:47:42)\n    at process.processTicksAndRejections (node:internal/process/task_queues:103:5)\n    at async /Users/rubendreyer/Documents/Projects/Messenger/server/routes/authentication.js:228:20","timestamp":"2025-12-30T08:08:48.910Z"}
{"level":"info","message":"Creating user with email: rdreyer523@gmail.com","timestamp":"2025-12-30T08:16:24.917Z"}
{"clerkError":true,"clerkTraceId":"861ce62596509200b9ec81cfe4641d3d","code":"api_response_error","errors":[{"code":"form_data_missing","longMessage":"[\"email_address\"] data doesn't match user requirements set for this instance","message":"missing data","meta":{}}],"level":"error","message":"Error creating user: Unprocessable Entity","stack":"ClerkAPIResponseError: Unprocessable Entity\n    at UserAPI.request (/Users/rubendreyer/Documents/Projects/Messenger/server/node_modules/@clerk/backend/dist/index.js:3599:21)\n    at process.processTicksAndRejections (node:internal/process/task_queues:103:5)\n    at async Object.createUser (/Users/rubendreyer/Documents/Projects/Messenger/server/services/clerkAuthService.js:30:18)\n    at async /Users/rubendreyer/Documents/Projects/Messenger/server/routes/authentication.js:228:20","status":422,"timestamp":"2025-12-30T08:16:26.157Z"}
{"level":"info","message":"Creating user with email: rubendreyer14@gmail.com","timestamp":"2025-12-30T08:18:58.002Z"}
{"level":"info","message":"User created: user_37Yb1uON5PnbNqO4N2pFiYnbQJ3","timestamp":"2025-12-30T08:18:59.450Z"}
{"level":"error","message":"Error creating email verification: clerkClient.emailAddresses.createEmailAddressVerification is not a function","stack":"TypeError: clerkClient.emailAddresses.createEmailAddressVerification is not a function\n    at Object.createUser (/Users/rubendreyer/Documents/Projects/Messenger/server/services/clerkAuthService.js:49:40)\n    at process.processTicksAndRejections (node:internal/process/task_queues:103:5)\n    at async /Users/rubendreyer/Documents/Projects/Messenger/server/routes/authentication.js:228:20","timestamp":"2025-12-30T08:18:59.451Z"}
{"level":"info","message":"Creating user with email: test1234@gmail.com","timestamp":"2025-12-30T08:19:58.502Z"}
{"level":"info","message":"User created: user_37Yb9OlIrSAM872c3DzKNPo4Rgf","timestamp":"2025-12-30T08:19:59.966Z"}
{"level":"error","message":"Error creating email verification: clerkClient.emailAddresses.createEmailAddressVerification is not a function","stack":"TypeError: clerkClient.emailAddresses.createEmailAddressVerification is not a function\n    at Object.createUser (/Users/rubendreyer/Documents/Projects/Messenger/server/services/clerkAuthService.js:49:40)\n    at process.processTicksAndRejections (node:internal/process/task_queues:103:5)\n    at async /Users/rubendreyer/Documents/Projects/Messenger/server/routes/authentication.js:228:20","timestamp":"2025-12-30T08:19:59.966Z"}
{"level":"info","message":"Creating user with email: rdreyer523@gmail.com","timestamp":"2025-12-30T08:23:07.321Z"}
{"clerkError":true,"clerkTraceId":"4c602dcde61e15ed397c2771a056c3f8","code":"api_response_error","errors":[{"code":"form_data_missing","longMessage":"[\"email_address\"] data doesn't match user requirements set for this instance","message":"missing data","meta":{}}],"level":"error","message":"Error creating user: Unprocessable Entity","stack":"ClerkAPIResponseError: Unprocessable Entity\n    at UserAPI.request (/Users/rubendreyer/Documents/Projects/Messenger/server/node_modules/@clerk/backend/dist/index.js:3599:21)\n    at process.processTicksAndRejections (node:internal/process/task_queues:103:5)\n    at async Object.createUser (/Users/rubendreyer/Documents/Projects/Messenger/server/services/clerkAuthService.js:32:18)\n    at async /Users/rubendreyer/Documents/Projects/Messenger/server/routes/authentication.js:228:20","status":422,"timestamp":"2025-12-30T08:23:08.493Z"}
{"level":"info","message":"Creating user with email: rdreyer523@gmail.com","timestamp":"2025-12-30T08:26:36.430Z"}
{"level":"info","message":"User created successfully: user_37YbxRNS9BE6nuAOtb3MfNEsOwx","timestamp":"2025-12-30T08:26:37.465Z"}
{"level":"info","message":"Creating user with email: rdreyer523@gmail.com","timestamp":"2025-12-30T08:45:14.325Z"}
{"level":"info","message":"User created successfully: user_37YeDyPmt1VNJoYN2cBxJEhssRf","timestamp":"2025-12-30T08:45:15.325Z"}
{"level":"info","message":"Creating user with email: rdreyer523@gmail.com","timestamp":"2025-12-30T08:58:48.063Z"}
{"level":"info","message":"User created successfully: user_37YfsH7E56dPrQ0rLnKSEOPstPP","timestamp":"2025-12-30T08:58:49.127Z"}
